B-ORG O B-PER O O B-PER O O O B-PER O B-PER I-PER O B-PER O B-PER I-PER O B-PER I-PER O O O B-PER O B-PER I-PER O B-PER I-PER O B-PER I-PER O B-PER I-PER O B-PER I-PER O B-PER I-PER O B-PER I-PER O
B-ORG O O B-PER I-PER O B-PER I-PER O B-PER I-PER O B-PER I-PER O B-PER I-PER O B-PER I-PER O O B-PER I-PER O B-PER I-PER O B-PER I-PER O
B-ORG O B-PER I-PER O B-PER I-PER O B-PER I-PER O B-PER O B-PER I-PER O B-PER O B-PER I-PER O
B-PER I-PER O B-PER I-PER O O B-PER I-PER O B-PER I-PER O O B-PER O B-PER I-PER O B-PER I-PER O O B-PER I-PER O O B-PER O B-PER I-PER O B-PER I-PER O B-PER O B-PER I-PER O O
B-ORG O O B-PER I-PER O B-PER I-PER O B-PER I-PER O B-PER I-PER O B-PER I-PER O B-PER I-PER O B-PER I-PER O B-PER I-PER O
B-ORG O B-PER I-PER O B-PER O B-PER O B-PER O B-PER O O B-PER I-PER O
B-ORG O B-PER I-PER O B-PER O B-PER I-PER O B-PER I-PER O B-PER I-PER O O B-PER I-PER O
B-ORG O B-PER I-PER O B-PER I-PER O B-PER I-PER O B-PER I-PER O B-PER O B-PER I-PER O O B-PER I-PER O B-PER I-PER O
B-ORG O B-PER O B-PER I-PER O B-PER I-PER O B-PER I-PER O B-PER I-PER O B-PER I-PER O O B-PER O B-PER I-PER O O O
B-ORG O B-PER O B-PER I-PER O B-PER O B-PER I-PER O B-PER I-PER O B-PER I-PER O B-PER I-PER O B-PER O B-PER I-PER O B-PER I-PER O
B-ORG O O B-PER I-PER O B-PER I-PER O B-PER I-PER O B-PER O B-PER I-PER O B-PER O O
B-ORG O B-PER O B-PER I-PER O B-PER O O B-PER I-PER O B-PER I-PER O
B-ORG O O B-PER I-PER O B-PER I-PER O B-PER I-PER O B-PER O B-PER I-PER O B-PER I-PER O B-PER I-PER O B-PER I-PER O B-PER I-PER O B-PER I-PER O B-PER I-PER O B-PER I-PER O B-PER I-PER O B-PER O B-PER I-PER O B-PER O B-PER O B-PER I-PER O
B-ORG O B-PER I-PER O B-PER I-PER O B-PER I-PER O B-PER I-PER O
B-ORG O B-PER I-PER O B-PER I-PER O B-PER I-PER O
B-ORG O B-PER I-PER O B-PER O B-PER I-PER O B-PER I-PER O B-PER I-PER O B-PER I-PER O O B-PER I-PER O B-PER I-PER O
B-PER I-PER O B-PER I-PER O B-PER I-PER O O B-PER I-PER O B-PER I-PER O B-PER I-PER O B-PER I-PER O B-PER I-PER O B-PER I-PER O B-PER I-PER O B-PER O B-PER I-PER O B-PER I-PER O
B-ORG O B-PER I-PER O O B-PER I-PER O B-PER I-PER O B-PER I-PER O B-PER I-PER O B-PER I-PER O
B-ORG O B-PER O B-PER I-PER O B-PER I-PER O B-PER O B-PER I-PER O B-PER I-PER O
B-ORG O B-PER I-PER O B-PER I-PER O B-PER I-PER O B-PER I-PER O B-PER I-PER O B-PER I-PER O B-PER I-PER O
B-ORG O B-PER I-PER O B-PER O B-PER I-PER O B-PER O B-PER I-PER O
B-ORG O B-PER O B-PER I-PER O B-PER I-PER O B-PER I-PER O B-PER I-PER O B-PER I-PER O B-PER O B-PER I-PER O B-PER I-PER O
B-ORG O O B-PER I-PER O B-PER I-PER O B-PER I-PER O B-PER I-PER O B-PER I-PER O O B-PER O B-PER I-PER O O B-PER I-PER O
B-ORG O O B-PER I-PER O B-PER I-PER O O O B-PER I-PER O B-PER I-PER O
B-ORG O O B-PER I-PER O B-PER I-PER O B-PER I-PER O B-PER I-PER O B-PER I-PER O O B-PER I-PER O
B-ORG O O O B-PER O B-PER O B-PER I-PER O B-PER I-PER O B-PER I-PER O O B-PER O B-PER I-PER O B-PER I-PER O B-PER I-PER O B-PER I-PER O B-PER I-PER O B-PER I-PER O B-PER I-PER O O B-PER I-PER O
B-PER I-PER O B-PER I-PER O B-PER O B-PER I-PER O B-PER I-PER O
B-ORG O O B-PER I-PER O O B-PER I-PER O B-PER I-PER O O B-PER I-PER O B-PER O B-PER O O O B-PER I-PER O B-PER I-PER O B-PER O O B-PER O B-PER I-PER O B-PER O O B-PER I-PER O
